<?xml version="1.0" encoding="UTF-8"?>
<!-- Generated by org.testng.reporters.JUnitReportReporter -->
<testsuite hostname="DESKTOP-K853HKP" failures="0" tests="4" name="learning.Stream1" time="0.041" errors="0" timestamp="2023-09-21T12:29:53 IST" skipped="0">
  <testcase classname="learning.Stream1" name="regular" time="0.003"/>
  <testcase classname="learning.Stream1" name="streamFilter" time="0.006"/>
  <testcase classname="learning.Stream1" name="Streamcollect" time="0.017"/>
  <testcase classname="learning.Stream1" name="streamMap" time="0.015"/>
</testsuite> <!-- learning.Stream1 -->
