<?xml version="1.0" encoding="UTF-8"?>
<!-- Generated by org.testng.reporters.JUnitReportReporter -->
<testsuite hostname="DESKTOP-K853HKP" failures="0" tests="4" name="testnglearning.test2hello" time="0.028" errors="0" timestamp="2023-09-25T17:53:34 IST" skipped="1">
  <testcase classname="testnglearning.test2hello" name="test5" time="0.013"/>
  <testcase classname="testnglearning.test2hello" name="test6" time="0.010"/>
  <testcase classname="testnglearning.test2hello" name="depends" time="0.005"/>
  <testcase classname="testnglearning.test2hello" name="test4">
    <skipped/>
  </testcase> <!-- test4 -->
</testsuite> <!-- testnglearning.test2hello -->
