<?xml version="1.0" encoding="UTF-8"?>
<!-- Generated by org.testng.reporters.JUnitReportReporter -->
<testsuite hostname="DESKTOP-K853HKP" failures="0" tests="2" name="testnglearning.s2" time="0.018" errors="0" timestamp="2023-09-25T19:29:52 IST" skipped="0">
  <testcase classname="testnglearning.s2" name="testrun" time="0.002"/>
  <testcase classname="testnglearning.s2" name="dothis" time="0.016"/>
</testsuite> <!-- testnglearning.s2 -->
