<?xml version="1.0" encoding="UTF-8"?>
<!-- Generated by org.testng.reporters.JUnitReportReporter -->
<testsuite hostname="DESKTOP-K853HKP" failures="0" tests="1" name="testnglearning.test4hello" time="0.021" errors="0" timestamp="2023-09-25T17:53:34 IST" skipped="0">
  <testcase classname="testnglearning.test4hello" name="webapphome" time="0.021"/>
</testsuite> <!-- testnglearning.test4hello -->
